<?xml version="1.0" encoding="UTF-8"?>
<!-- Generated by org.testng.reporters.JUnitReportReporter -->
<testsuite hostname="DESKTOP-A4K9SGR" name="demo.TestNGIgnoreDemo" tests="2" failures="0" timestamp="19 Sep 2019 06:55:57 GMT" time="0.018" errors="0">
  <testcase name="testA" time="0.016" classname="demo.TestNGIgnoreDemo"/>
  <testcase name="testB" time="0.002" classname="demo.TestNGIgnoreDemo"/>
</testsuite> <!-- demo.TestNGIgnoreDemo -->
