<?xml version="1.0" encoding="UTF-8"?>
<!-- Generated by org.testng.reporters.JUnitReportReporter -->
<testsuite hostname="DESKTOP-A4K9SGR" name="demo.TestNGParamatersDemo" tests="1" failures="0" timestamp="18 Sep 2019 19:22:40 GMT" time="0.016" errors="0">
  <testcase name="test5" time="0.016" classname="demo.TestNGParamatersDemo"/>
</testsuite> <!-- demo.TestNGParamatersDemo -->
