<?xml version="1.0" encoding="UTF-8"?>
<!-- Generated by org.testng.reporters.JUnitReportReporter -->
<testsuite hostname="DESKTOP-A4K9SGR" name="demo.TestNGDependencyDemo" tests="3" failures="0" timestamp="18 Sep 2019 19:32:28 GMT" time="0.021" errors="0">
  <testcase name="test2" time="0.002" classname="demo.TestNGDependencyDemo"/>
  <testcase name="test1" time="0.002" classname="demo.TestNGDependencyDemo"/>
  <testcase name="test3" time="0.017" classname="demo.TestNGDependencyDemo"/>
</testsuite> <!-- demo.TestNGDependencyDemo -->
