<?xml version="1.0" encoding="UTF-8"?>
<!-- Generated by org.testng.reporters.JUnitReportReporter -->
<testsuite hostname="DESKTOP-A4K9SGR" name="demo.TestNGMultibrowserDemo" tests="2" failures="0" timestamp="18 Sep 2019 18:41:57 GMT" time="20.732" errors="0">
  <testcase name="test4" time="7.784" classname="demo.TestNGMultibrowserDemo"/>
  <testcase name="test4" time="12.948" classname="demo.TestNGMultibrowserDemo"/>
</testsuite> <!-- demo.TestNGMultibrowserDemo -->
