<?xml version="1.0" encoding="UTF-8"?>
<!-- Generated by org.testng.reporters.JUnitReportReporter -->
<testsuite hostname="DESKTOP-A4K9SGR" name="test.ExtentReportsDemowithtestNG" tests="2" failures="0" timestamp="16 Sep 2019 10:07:47 GMT" time="0.076" errors="0">
  <testcase name="test1" time="0.071" classname="test.ExtentReportsDemowithtestNG"/>
  <testcase name="test2" time="0.005" classname="test.ExtentReportsDemowithtestNG"/>
</testsuite> <!-- test.ExtentReportsDemowithtestNG -->
