<?xml version="1.0" encoding="UTF-8"?>
<!-- Generated by org.testng.reporters.JUnitReportReporter -->
<testsuite hostname="DESKTOP-A4K9SGR" name="test.TestNG_Demo" tests="1" failures="0" timestamp="15 Sep 2019 18:47:22 GMT" time="26.180" errors="0">
  <testcase name="GoogleSearch" time="26.180" classname="test.TestNG_Demo"/>
</testsuite> <!-- test.TestNG_Demo -->
