<?xml version="1.0" encoding="UTF-8"?>
<!-- Generated by org.testng.reporters.JUnitReportReporter -->
<testsuite hostname="DESKTOP-A4K9SGR" name="demo.TestNGPriorityDemo" tests="3" failures="0" timestamp="18 Sep 2019 17:49:47 GMT" time="0.032" errors="0">
  <testcase name="test2" time="0.002" classname="demo.TestNGPriorityDemo"/>
  <testcase name="test3" time="0.027" classname="demo.TestNGPriorityDemo"/>
  <testcase name="test1" time="0.003" classname="demo.TestNGPriorityDemo"/>
</testsuite> <!-- demo.TestNGPriorityDemo -->
